#
# There is insufficient memory for the Java Runtime Environment to continue.
# Native memory allocation (malloc) failed to allocate 232736 bytes for Chunk::new
# Possible reasons:
#   The system is out of physical RAM or swap space
#   The process is running with CompressedOops enabled, and the Java Heap may be blocking the growth of the native heap
# Possible solutions:
#   Reduce memory load on the system
#   Increase physical memory or swap space
#   Check if swap backing store is full
#   Decrease Java heap size (-Xmx/-Xms)
#   Decrease number of Java threads
#   Decrease Java thread stack sizes (-Xss)
#   Set larger code cache with -XX:ReservedCodeCacheSize=
#   JVM is running with Unscaled Compressed Oops mode in which the Java heap is
#     placed in the first 4GB address space. The Java Heap base address is the
#     maximum limit for the native heap growth. Please use -XX:HeapBaseMinAddress
#     to set the Java Heap base and to place the Java Heap above 4GB virtual address.
# This output file may be truncated or incomplete.
#
#  Out of Memory Error (allocation.cpp:390), pid=20256, tid=0x0000000000004aec
#
# JRE version: Java(TM) SE Runtime Environment (8.0_201-b09) (build 1.8.0_201-b09)
# Java VM: Java HotSpot(TM) 64-Bit Server VM (25.201-b09 mixed mode windows-amd64 compressed oops)
# Failed to write core dump. Minidumps are not enabled by default on client versions of Windows
#

---------------  T H R E A D  ---------------

Current thread (0x0000000017d84800):  JavaThread "C2 CompilerThread0" daemon [_thread_in_native, id=19180, stack(0x00000000180f0000,0x00000000181f0000)]

Stack: [0x00000000180f0000,0x00000000181f0000]
[error occurred during error reporting (printing stack bounds), id 0xc0000005]

Native frames: (J=compiled Java code, j=interpreted, Vv=VM code, C=native code)


Current CompileTask:
C2: 292787 4611   !   4       org.apache.kafka.clients.consumer.internals.ConsumerNetworkClient$UnsentRequests::clean (70 bytes)


---------------  P R O C E S S  ---------------

Java Threads: ( => current thread )
  0x000000001a2c6000 JavaThread "kafka-coordinator-heartbeat-thread | inventory" daemon [_thread_blocked, id=8492, stack(0x0000000000800000,0x0000000000900000)]
  0x000000001a2c8800 JavaThread "DestroyJavaVM" [_thread_blocked, id=22260, stack(0x0000000002310000,0x0000000002410000)]
  0x000000001a2c5800 JavaThread "http-nio-8081-Acceptor" daemon [_thread_in_native, id=11652, stack(0x000000001de10000,0x000000001df10000)]
  0x000000001a2c7800 JavaThread "http-nio-8081-Poller" daemon [_thread_in_native, id=22240, stack(0x000000001dd10000,0x000000001de10000)]
  0x000000001a2c7000 JavaThread "http-nio-8081-exec-10" daemon [_thread_blocked, id=9516, stack(0x000000001db10000,0x000000001dc10000)]
  0x000000001a2c4000 JavaThread "http-nio-8081-exec-9" daemon [_thread_blocked, id=6944, stack(0x000000001da10000,0x000000001db10000)]
  0x000000001a855800 JavaThread "http-nio-8081-exec-8" daemon [_thread_blocked, id=8456, stack(0x000000001d910000,0x000000001da10000)]
  0x000000001a857800 JavaThread "http-nio-8081-exec-7" daemon [_thread_blocked, id=13004, stack(0x000000001d810000,0x000000001d910000)]
  0x000000001a85a800 JavaThread "http-nio-8081-exec-6" daemon [_thread_blocked, id=21576, stack(0x000000001d710000,0x000000001d810000)]
  0x000000001a85b800 JavaThread "http-nio-8081-exec-5" daemon [_thread_blocked, id=19588, stack(0x000000001d610000,0x000000001d710000)]
  0x000000001a858800 JavaThread "http-nio-8081-exec-4" daemon [_thread_blocked, id=18004, stack(0x000000001d510000,0x000000001d610000)]
  0x000000001a85a000 JavaThread "http-nio-8081-exec-3" daemon [_thread_blocked, id=13116, stack(0x000000001d410000,0x000000001d510000)]
  0x000000001a857000 JavaThread "http-nio-8081-exec-2" daemon [_thread_blocked, id=20252, stack(0x000000001d310000,0x000000001d410000)]
  0x000000001a854800 JavaThread "http-nio-8081-exec-1" daemon [_thread_blocked, id=19500, stack(0x000000001d210000,0x000000001d310000)]
  0x000000001a859000 JavaThread "org.springframework.kafka.KafkaListenerEndpointContainer#0-0-C-1" [_thread_in_native, id=21388, stack(0x000000001d110000,0x000000001d210000)]
  0x000000001a856000 JavaThread "ThreadPoolTaskScheduler-1" [_thread_blocked, id=13620, stack(0x000000001d010000,0x000000001d110000)]
  0x000000001a69b800 JavaThread "container-0" [_thread_blocked, id=5732, stack(0x000000001c710000,0x000000001c810000)]
  0x000000001853d000 JavaThread "Catalina-utility-2" [_thread_blocked, id=3360, stack(0x000000001c610000,0x000000001c710000)]
  0x0000000017f47000 JavaThread "Catalina-utility-1" [_thread_blocked, id=10916, stack(0x000000001c510000,0x000000001c610000)]
  0x0000000017e54800 JavaThread "Service Thread" daemon [_thread_blocked, id=5380, stack(0x00000000182f0000,0x00000000183f0000)]
  0x0000000017d86800 JavaThread "C1 CompilerThread1" daemon [_thread_blocked, id=2900, stack(0x00000000181f0000,0x00000000182f0000)]
=>0x0000000017d84800 JavaThread "C2 CompilerThread0" daemon [_thread_in_native, id=19180, stack(0x00000000180f0000,0x00000000181f0000)]
  0x0000000017dde000 JavaThread "Monitor Ctrl-Break" daemon [_thread_in_native, id=7568, stack(0x0000000017ff0000,0x00000000180f0000)]
  0x0000000016bc7800 JavaThread "Attach Listener" daemon [_thread_blocked, id=10260, stack(0x0000000017af0000,0x0000000017bf0000)]
  0x00000000026ee800 JavaThread "Signal Dispatcher" daemon [_thread_blocked, id=20320, stack(0x00000000179f0000,0x0000000017af0000)]
  0x00000000026e5000 JavaThread "Finalizer" daemon [_thread_blocked, id=14692, stack(0x00000000177f0000,0x00000000178f0000)]
  0x0000000016ba8000 JavaThread "Reference Handler" daemon [_thread_blocked, id=20828, stack(0x00000000176f0000,0x00000000177f0000)]

Other Threads:
  0x0000000016b86800 VMThread [stack: 0x00000000175f0000,0x00000000176f0000] [id=22384]
  0x0000000017e93000 WatcherThread [stack: 0x00000000183f0000,0x00000000184f0000] [id=6772]

VM state:not at safepoint (normal execution)

VM Mutex/Monitor currently owned by a thread: None

heap address: 0x0000000088a00000, size: 1910 MB, Compressed Oops mode: 32-bit
Narrow klass base: 0x0000000000000000, Narrow klass shift: 3
Compressed class space size: 1073741824 Address: 0x0000000100000000

Heap:
 PSYoungGen      total 121344K, used 100966K [0x00000000d8380000, 0x00000000e0600000, 0x0000000100000000)
  eden space 111104K, 90% used [0x00000000d8380000,0x00000000de619af8,0x00000000df000000)
  from space 10240K, 0% used [0x00000000dfc00000,0x00000000dfc00000,0x00000000e0600000)
  to   space 11264K, 0% used [0x00000000df000000,0x00000000df000000,0x00000000dfb00000)
 ParOldGen       total 54272K, used 13301K [0x0000000088a00000, 0x000000008bf00000, 0x00000000d8380000)
  object space 54272K, 24% used [0x0000000088a00000,0x00000000896fd630,0x000000008bf00000)
 Metaspace       used 43025K, capacity 46216K, committed 46296K, reserved 1089536K
  class space    used 5308K, capacity 5840K, committed 5848K, reserved 1048576K

Card table byte_map: [0x0000000011ab0000,0x0000000011e70000] byte_map_base: 0x000000001166b000

Marking Bits: (ParMarkBitMap*) 0x0000000072cd4ce0
 Begin Bits: [0x00000000122f0000, 0x00000000140c8000)
 End Bits:   [0x00000000140c8000, 0x0000000015ea0000)

Polling page: 0x0000000000910000

CodeCache: size=245760Kb used=13108Kb max_used=13111Kb free=232651Kb
 bounds [0x00000000026f0000, 0x00000000033d0000, 0x00000000116f0000]
 total_blobs=4515 nmethods=3985 adapters=443
 compilation: enabled

Compilation events (10 events):
Event: 284.968 Thread 0x0000000017d84800 nmethod 4606 0x00000000031dc850 code [0x00000000031dc980, 0x00000000031dca98]
Event: 285.754 Thread 0x0000000017d86800 4607       3       java.util.concurrent.ConcurrentHashMap$ReservationNode::<init> (10 bytes)
Event: 285.754 Thread 0x0000000017d86800 nmethod 4607 0x00000000033c8010 code [0x00000000033c8180, 0x00000000033c83f0]
Event: 286.292 Thread 0x0000000017d86800 4608   !   3       java.util.concurrent.ConcurrentHashMap::computeIfAbsent (493 bytes)
Event: 286.299 Thread 0x0000000017d86800 nmethod 4608 0x00000000033c84d0 code [0x00000000033c8820, 0x00000000033cab18]
Event: 287.977 Thread 0x0000000017d84800 4609       4       java.util.concurrent.locks.ReentrantLock$FairSync::lock (6 bytes)
Event: 287.982 Thread 0x0000000017d84800 nmethod 4609 0x00000000033c41d0 code [0x00000000033c4320, 0x00000000033c4498]
Event: 287.982 Thread 0x0000000017d84800 4610       4       ch.qos.logback.classic.Logger::isTraceEnabled (6 bytes)
Event: 287.985 Thread 0x0000000017d84800 nmethod 4610 0x00000000033c7ad0 code [0x00000000033c7c20, 0x00000000033c7d48]
Event: 287.986 Thread 0x0000000017d84800 4611   !   4       org.apache.kafka.clients.consumer.internals.ConsumerNetworkClient$UnsentRequests::clean (70 bytes)

GC Heap History (10 events):
Event: 26.679 GC heap before
{Heap before GC invocations=6 (full 1):
 PSYoungGen      total 35840K, used 5109K [0x00000000d8380000, 0x00000000dd180000, 0x0000000100000000)
  eden space 30720K, 0% used [0x00000000d8380000,0x00000000d8380000,0x00000000da180000)
  from space 5120K, 99% used [0x00000000da180000,0x00000000da67d7a8,0x00000000da680000)
  to   space 9216K, 0% used [0x00000000dc880000,0x00000000dc880000,0x00000000dd180000)
 ParOldGen       total 81920K, used 5917K [0x0000000088a00000, 0x000000008da00000, 0x00000000d8380000)
  object space 81920K, 7% used [0x0000000088a00000,0x0000000088fc75e0,0x000000008da00000)
 Metaspace       used 20199K, capacity 21132K, committed 21248K, reserved 1067008K
  class space    used 2521K, capacity 2758K, committed 2816K, reserved 1048576K
Event: 26.804 GC heap after
Heap after GC invocations=6 (full 1):
 PSYoungGen      total 35840K, used 0K [0x00000000d8380000, 0x00000000dd180000, 0x0000000100000000)
  eden space 30720K, 0% used [0x00000000d8380000,0x00000000d8380000,0x00000000da180000)
  from space 5120K, 0% used [0x00000000da180000,0x00000000da180000,0x00000000da680000)
  to   space 9216K, 0% used [0x00000000dc880000,0x00000000dc880000,0x00000000dd180000)
 ParOldGen       total 41984K, used 5528K [0x0000000088a00000, 0x000000008b300000, 0x00000000d8380000)
  object space 41984K, 13% used [0x0000000088a00000,0x0000000088f66050,0x000000008b300000)
 Metaspace       used 20199K, capacity 21132K, committed 21248K, reserved 1067008K
  class space    used 2521K, capacity 2758K, committed 2816K, reserved 1048576K
}
Event: 32.124 GC heap before
{Heap before GC invocations=7 (full 1):
 PSYoungGen      total 35840K, used 30720K [0x00000000d8380000, 0x00000000dd180000, 0x0000000100000000)
  eden space 30720K, 100% used [0x00000000d8380000,0x00000000da180000,0x00000000da180000)
  from space 5120K, 0% used [0x00000000da180000,0x00000000da180000,0x00000000da680000)
  to   space 9216K, 0% used [0x00000000dc880000,0x00000000dc880000,0x00000000dd180000)
 ParOldGen       total 41984K, used 5528K [0x0000000088a00000, 0x000000008b300000, 0x00000000d8380000)
  object space 41984K, 13% used [0x0000000088a00000,0x0000000088f66050,0x000000008b300000)
 Metaspace       used 23180K, capacity 24270K, committed 24448K, reserved 1071104K
  class space    used 2906K, capacity 3133K, committed 3200K, reserved 1048576K
Event: 32.134 GC heap after
Heap after GC invocations=7 (full 1):
 PSYoungGen      total 66560K, used 4187K [0x00000000d8380000, 0x00000000dcf80000, 0x0000000100000000)
  eden space 59392K, 0% used [0x00000000d8380000,0x00000000d8380000,0x00000000dbd80000)
  from space 7168K, 58% used [0x00000000dc880000,0x00000000dcc96d10,0x00000000dcf80000)
  to   space 9216K, 0% used [0x00000000dbd80000,0x00000000dbd80000,0x00000000dc680000)
 ParOldGen       total 41984K, used 5536K [0x0000000088a00000, 0x000000008b300000, 0x00000000d8380000)
  object space 41984K, 13% used [0x0000000088a00000,0x0000000088f68050,0x000000008b300000)
 Metaspace       used 23180K, capacity 24270K, committed 24448K, reserved 1071104K
  class space    used 2906K, capacity 3133K, committed 3200K, reserved 1048576K
}
Event: 70.506 GC heap before
{Heap before GC invocations=8 (full 1):
 PSYoungGen      total 66560K, used 63579K [0x00000000d8380000, 0x00000000dcf80000, 0x0000000100000000)
  eden space 59392K, 100% used [0x00000000d8380000,0x00000000dbd80000,0x00000000dbd80000)
  from space 7168K, 58% used [0x00000000dc880000,0x00000000dcc96d10,0x00000000dcf80000)
  to   space 9216K, 0% used [0x00000000dbd80000,0x00000000dbd80000,0x00000000dc680000)
 ParOldGen       total 41984K, used 5536K [0x0000000088a00000, 0x000000008b300000, 0x00000000d8380000)
  object space 41984K, 13% used [0x0000000088a00000,0x0000000088f68050,0x000000008b300000)
 Metaspace       used 30018K, capacity 31932K, committed 32128K, reserved 1077248K
  class space    used 3808K, capacity 4158K, committed 4224K, reserved 1048576K
Event: 70.580 GC heap after
Heap after GC invocations=8 (full 1):
 PSYoungGen      total 68608K, used 9207K [0x00000000d8380000, 0x00000000e0600000, 0x0000000100000000)
  eden space 59392K, 0% used [0x00000000d8380000,0x00000000d8380000,0x00000000dbd80000)
  from space 9216K, 99% used [0x00000000dbd80000,0x00000000dc67df38,0x00000000dc680000)
  to   space 10240K, 0% used [0x00000000dfc00000,0x00000000dfc00000,0x00000000e0600000)
 ParOldGen       total 41984K, used 5618K [0x0000000088a00000, 0x000000008b300000, 0x00000000d8380000)
  object space 41984K, 13% used [0x0000000088a00000,0x0000000088f7c818,0x000000008b300000)
 Metaspace       used 30018K, capacity 31932K, committed 32128K, reserved 1077248K
  class space    used 3808K, capacity 4158K, committed 4224K, reserved 1048576K
}
Event: 77.174 GC heap before
{Heap before GC invocations=9 (full 1):
 PSYoungGen      total 68608K, used 39611K [0x00000000d8380000, 0x00000000e0600000, 0x0000000100000000)
  eden space 59392K, 51% used [0x00000000d8380000,0x00000000da130fa8,0x00000000dbd80000)
  from space 9216K, 99% used [0x00000000dbd80000,0x00000000dc67df38,0x00000000dc680000)
  to   space 10240K, 0% used [0x00000000dfc00000,0x00000000dfc00000,0x00000000e0600000)
 ParOldGen       total 41984K, used 5618K [0x0000000088a00000, 0x000000008b300000, 0x00000000d8380000)
  object space 41984K, 13% used [0x0000000088a00000,0x0000000088f7c818,0x000000008b300000)
 Metaspace       used 32771K, capacity 35356K, committed 35416K, reserved 1079296K
  class space    used 4212K, capacity 4642K, committed 4696K, reserved 1048576K
Event: 77.198 GC heap after
Heap after GC invocations=9 (full 1):
 PSYoungGen      total 121344K, used 8937K [0x00000000d8380000, 0x00000000e0600000, 0x0000000100000000)
  eden space 111104K, 0% used [0x00000000d8380000,0x00000000d8380000,0x00000000df000000)
  from space 10240K, 87% used [0x00000000dfc00000,0x00000000e04ba600,0x00000000e0600000)
  to   space 11264K, 0% used [0x00000000df000000,0x00000000df000000,0x00000000dfb00000)
 ParOldGen       total 41984K, used 5618K [0x0000000088a00000, 0x000000008b300000, 0x00000000d8380000)
  object space 41984K, 13% used [0x0000000088a00000,0x0000000088f7c818,0x000000008b300000)
 Metaspace       used 32771K, capacity 35356K, committed 35416K, reserved 1079296K
  class space    used 4212K, capacity 4642K, committed 4696K, reserved 1048576K
}
Event: 77.198 GC heap before
{Heap before GC invocations=10 (full 2):
 PSYoungGen      total 121344K, used 8937K [0x00000000d8380000, 0x00000000e0600000, 0x0000000100000000)
  eden space 111104K, 0% used [0x00000000d8380000,0x00000000d8380000,0x00000000df000000)
  from space 10240K, 87% used [0x00000000dfc00000,0x00000000e04ba600,0x00000000e0600000)
  to   space 11264K, 0% used [0x00000000df000000,0x00000000df000000,0x00000000dfb00000)
 ParOldGen       total 41984K, used 5618K [0x0000000088a00000, 0x000000008b300000, 0x00000000d8380000)
  object space 41984K, 13% used [0x0000000088a00000,0x0000000088f7c818,0x000000008b300000)
 Metaspace       used 32771K, capacity 35356K, committed 35416K, reserved 1079296K
  class space    used 4212K, capacity 4642K, committed 4696K, reserved 1048576K
Event: 77.461 GC heap after
Heap after GC invocations=10 (full 2):
 PSYoungGen      total 121344K, used 0K [0x00000000d8380000, 0x00000000e0600000, 0x0000000100000000)
  eden space 111104K, 0% used [0x00000000d8380000,0x00000000d8380000,0x00000000df000000)
  from space 10240K, 0% used [0x00000000dfc00000,0x00000000dfc00000,0x00000000e0600000)
  to   space 11264K, 0% used [0x00000000df000000,0x00000000df000000,0x00000000dfb00000)
 ParOldGen       total 54272K, used 13301K [0x0000000088a00000, 0x000000008bf00000, 0x00000000d8380000)
  object space 54272K, 24% used [0x0000000088a00000,0x00000000896fd630,0x000000008bf00000)
 Metaspace       used 32771K, capacity 35356K, committed 35416K, reserved 1079296K
  class space    used 4212K, capacity 4642K, committed 4696K, reserved 1048576K
}

Deoptimization events (10 events):
Event: 233.949 Thread 0x000000001a859000 Uncommon trap: reason=unstable_if action=reinterpret pc=0x000000000330ee74 method=org.apache.kafka.clients.NetworkClient.handleInitiateApiVersionRequests(J)V @ 21
Event: 233.950 Thread 0x000000001a859000 Uncommon trap: reason=unstable_if action=reinterpret pc=0x0000000002e4f344 method=org.apache.kafka.common.metrics.stats.SampledStat.current(J)Lorg/apache/kafka/common/metrics/stats/SampledStat$Sample; @ 9
Event: 233.950 Thread 0x000000001a859000 Uncommon trap: reason=unstable_if action=reinterpret pc=0x000000000301af74 method=org.apache.kafka.common.metrics.stats.SampledStat.current(J)Lorg/apache/kafka/common/metrics/stats/SampledStat$Sample; @ 9
Event: 233.950 Thread 0x000000001a859000 Uncommon trap: reason=unstable_if action=reinterpret pc=0x0000000002dbb79c method=org.apache.kafka.common.metrics.stats.SampledStat.current(J)Lorg/apache/kafka/common/metrics/stats/SampledStat$Sample; @ 9
Event: 242.688 Thread 0x000000001a2c6000 Uncommon trap: reason=unstable_if action=reinterpret pc=0x000000000325035c method=java.util.concurrent.locks.ReentrantLock$FairSync.tryAcquire(I)Z @ 41
Event: 244.514 Thread 0x000000001a859000 Uncommon trap: reason=unstable_if action=reinterpret pc=0x00000000032e6594 method=java.util.HashMap$HashMapSpliterator.getFence()I @ 37
Event: 246.528 Thread 0x000000001a859000 Uncommon trap: reason=unstable_if action=reinterpret pc=0x00000000029502d8 method=java.lang.AbstractStringBuilder.append(Ljava/lang/String;)Ljava/lang/AbstractStringBuilder; @ 1
Event: 254.146 Thread 0x000000001a2c6000 Uncommon trap: reason=unstable_if action=reinterpret pc=0x0000000002f2fa84 method=org.apache.kafka.common.utils.ByteUtils.readUnsignedVarint(Ljava/nio/ByteBuffer;)I @ 14
Event: 254.636 Thread 0x000000001a859000 Uncommon trap: reason=unstable_if action=reinterpret pc=0x0000000002db6f7c method=java.util.concurrent.ConcurrentLinkedQueue.poll()Ljava/lang/Object; @ 30
Event: 255.321 Thread 0x000000001a859000 Uncommon trap: reason=unstable_if action=reinterpret pc=0x000000000284a8dc method=org.apache.kafka.common.utils.ByteUtils.readUnsignedVarint(Ljava/nio/ByteBuffer;)I @ 14

Classes redefined (0 events):
No events

Internal exceptions (10 events):
Event: 76.409 Thread 0x00000000025f5000 Exception <a 'java/lang/ClassNotFoundException': org/springframework/kafka/listener/ContainerPropertiesCustomizer> (0x00000000d98cfb50) thrown at [C:\re\workspace\8-2-build-windows-amd64-cygwin\jdk8u201\12322\hotspot\src\share\vm\classfile\systemDictionar
Event: 79.141 Thread 0x00000000025f5000 Implicit null exception at 0x0000000002dbb59a to 0x0000000002dbb6a9
Event: 85.995 Thread 0x000000001a859000 Exception <a 'java/lang/NoSuchMethodError': java.lang.Object.lambda$minBy$0(Ljava/util/Comparator;Ljava/lang/Object;Ljava/lang/Object;)Ljava/lang/Object;> (0x00000000dbcde5e8) thrown at [C:\re\workspace\8-2-build-windows-amd64-cygwin\jdk8u201\12322\hotspo
Event: 231.532 Thread 0x000000001a859000 Implicit null exception at 0x0000000002971b96 to 0x0000000002971f05
Event: 244.514 Thread 0x000000001a859000 Implicit null exception at 0x00000000032e654d to 0x00000000032e6585
Event: 246.528 Thread 0x000000001a859000 Implicit null exception at 0x000000000294ff56 to 0x00000000029502c1
Event: 258.828 Thread 0x000000001a859000 Exception <a 'java/lang/NoSuchMethodError': java.lang.Object.lambda$commonHeaders$0(Ljava/util/Map;Ljava/lang/String;Ljava/lang/Object;)V> (0x00000000ddd36258) thrown at [C:\re\workspace\8-2-build-windows-amd64-cygwin\jdk8u201\12322\hotspot\src\share\vm\i
Event: 258.829 Thread 0x000000001a859000 Exception <a 'java/lang/NoSuchMethodError': java.lang.Object.lambda$commonHeaders$1(Ljava/util/Map;Ljava/lang/String;Ljava/lang/String;)V> (0x00000000ddd398c8) thrown at [C:\re\workspace\8-2-build-windows-amd64-cygwin\jdk8u201\12322\hotspot\src\share\vm\i
Event: 258.829 Thread 0x000000001a859000 Exception <a 'java/lang/NoSuchMethodError': java.lang.Object.lambda$commonHeaders$2(Ljava/util/Map;Ljava/lang/String;Lorg/springframework/kafka/support/Acknowledgment;)V> (0x00000000ddd3d208) thrown at [C:\re\workspace\8-2-build-windows-amd64-cygwin\jdk8u
Event: 258.830 Thread 0x000000001a859000 Exception <a 'java/lang/NoSuchMethodError': java.lang.Object.lambda$commonHeaders$3(Ljava/util/Map;Ljava/lang/String;Lorg/apache/kafka/clients/consumer/Consumer;)V> (0x00000000ddd41680) thrown at [C:\re\workspace\8-2-build-windows-amd64-cygwin\jdk8u201\12

Events (10 events):
Event: 266.767 Thread 0x0000000017d86800 flushing nmethod 0x0000000002db59d0
Event: 266.768 Thread 0x0000000017d86800 flushing nmethod 0x0000000002e3ff10
Event: 266.768 Thread 0x0000000017d86800 flushing nmethod 0x0000000002ebbe50
Event: 266.771 Thread 0x0000000017d84800 flushing nmethod 0x0000000002f7af50
Event: 266.771 Thread 0x0000000017d84800 flushing nmethod 0x0000000002f7d350
Event: 266.771 Thread 0x0000000017d84800 flushing nmethod 0x0000000002f7e3d0
Event: 266.772 Thread 0x0000000017d86800 flushing nmethod 0x0000000002fce110
Event: 266.772 Thread 0x0000000017d86800 flushing nmethod 0x000000000301d050
Event: 266.774 Thread 0x0000000017d84800 flushing nmethod 0x000000000311d6d0
Event: 266.785 Thread 0x0000000017d86800 flushing nmethod 0x00000000031dc850


Dynamic libraries:
0x00007ff677b20000 - 0x00007ff677b57000 	C:\Program Files\Java\jdk1.8.0_201\bin\java.exe
0x00007ffb8fe70000 - 0x00007ffb90068000 	C:\WINDOWS\SYSTEM32\ntdll.dll
0x00007ffb7ff00000 - 0x00007ffb7ff17000 	C:\Program Files\Avast Software\Avast\aswhook.dll
0x00007ffb8e620000 - 0x00007ffb8e6dd000 	C:\WINDOWS\System32\KERNEL32.DLL
0x00007ffb8d7b0000 - 0x00007ffb8da7e000 	C:\WINDOWS\System32\KERNELBASE.dll
0x00007ffb8f660000 - 0x00007ffb8f70e000 	C:\WINDOWS\System32\ADVAPI32.dll
0x00007ffb8fcb0000 - 0x00007ffb8fd4e000 	C:\WINDOWS\System32\msvcrt.dll
0x00007ffb8e740000 - 0x00007ffb8e7dc000 	C:\WINDOWS\System32\sechost.dll
0x00007ffb8e130000 - 0x00007ffb8e255000 	C:\WINDOWS\System32\RPCRT4.dll
0x00007ffb8e480000 - 0x00007ffb8e620000 	C:\WINDOWS\System32\USER32.dll
0x00007ffb8dc30000 - 0x00007ffb8dc52000 	C:\WINDOWS\System32\win32u.dll
0x00007ffb8e280000 - 0x00007ffb8e2aa000 	C:\WINDOWS\System32\GDI32.dll
0x00007ffb8d590000 - 0x00007ffb8d69b000 	C:\WINDOWS\System32\gdi32full.dll
0x00007ffb8dcd0000 - 0x00007ffb8dd6d000 	C:\WINDOWS\System32\msvcp_win.dll
0x00007ffb8db30000 - 0x00007ffb8dc30000 	C:\WINDOWS\System32\ucrtbase.dll
0x00007ffb76b10000 - 0x00007ffb76daa000 	C:\WINDOWS\WinSxS\amd64_microsoft.windows.common-controls_6595b64144ccf1df_6.0.19041.1110_none_60b5254171f9507e\COMCTL32.dll
0x00007ffb8e330000 - 0x00007ffb8e360000 	C:\WINDOWS\System32\IMM32.DLL
0x0000000072d60000 - 0x0000000072e31000 	C:\Program Files\Java\jdk1.8.0_201\jre\bin\msvcr100.dll
0x00000000724b0000 - 0x0000000072d54000 	C:\Program Files\Java\jdk1.8.0_201\jre\bin\server\jvm.dll
0x00007ffb8ec50000 - 0x00007ffb8ec58000 	C:\WINDOWS\System32\PSAPI.DLL
0x00007ffb7cf30000 - 0x00007ffb7cf39000 	C:\WINDOWS\SYSTEM32\WSOCK32.dll
0x00007ffb8e2b0000 - 0x00007ffb8e31b000 	C:\WINDOWS\System32\WS2_32.dll
0x00007ffb84d00000 - 0x00007ffb84d27000 	C:\WINDOWS\SYSTEM32\WINMM.dll
0x00007ffb84d30000 - 0x00007ffb84d3a000 	C:\WINDOWS\SYSTEM32\VERSION.dll
0x00007ffb7e4c0000 - 0x00007ffb7e4cf000 	C:\Program Files\Java\jdk1.8.0_201\jre\bin\verify.dll
0x00007ffb79110000 - 0x00007ffb79139000 	C:\Program Files\Java\jdk1.8.0_201\jre\bin\java.dll
0x00007ffb79190000 - 0x00007ffb791b3000 	C:\Program Files\Java\jdk1.8.0_201\jre\bin\instrument.dll
0x00007ffb790f0000 - 0x00007ffb79106000 	C:\Program Files\Java\jdk1.8.0_201\jre\bin\zip.dll
0x00007ffb8ef10000 - 0x00007ffb8f654000 	C:\WINDOWS\System32\SHELL32.dll
0x00007ffb8b690000 - 0x00007ffb8be24000 	C:\WINDOWS\SYSTEM32\windows.storage.dll
0x00007ffb8f950000 - 0x00007ffb8fca4000 	C:\WINDOWS\System32\combase.dll
0x00007ffb8cff0000 - 0x00007ffb8d020000 	C:\WINDOWS\SYSTEM32\Wldp.dll
0x00007ffb8ec60000 - 0x00007ffb8ed0d000 	C:\WINDOWS\System32\SHCORE.dll
0x00007ffb8e6e0000 - 0x00007ffb8e735000 	C:\WINDOWS\System32\shlwapi.dll
0x00007ffb8d4d0000 - 0x00007ffb8d4ef000 	C:\WINDOWS\SYSTEM32\profapi.dll
0x00007ffb85710000 - 0x00007ffb8572a000 	C:\Program Files\JetBrains\IntelliJ IDEA Community Edition 2021.3.3\bin\breakgen64.dll
0x00007ffb790d0000 - 0x00007ffb790ea000 	C:\Program Files\Java\jdk1.8.0_201\jre\bin\net.dll
0x00007ffb81500000 - 0x00007ffb816ec000 	C:\WINDOWS\SYSTEM32\urlmon.dll
0x00007ffb814d0000 - 0x00007ffb814f8000 	C:\WINDOWS\SYSTEM32\srvcli.dll
0x00007ffb8cb00000 - 0x00007ffb8cb0c000 	C:\WINDOWS\SYSTEM32\netutils.dll
0x00007ffb81930000 - 0x00007ffb81be1000 	C:\WINDOWS\SYSTEM32\iertutil.dll
0x00007ffb8cd50000 - 0x00007ffb8cdba000 	C:\WINDOWS\system32\mswsock.dll
0x00007ffb790c0000 - 0x00007ffb790cd000 	C:\Program Files\Java\jdk1.8.0_201\jre\bin\management.dll
0x00007ffb778c0000 - 0x00007ffb778d7000 	C:\WINDOWS\system32\napinsp.dll
0x00007ffb778a0000 - 0x00007ffb778bb000 	C:\WINDOWS\system32\pnrpnsp.dll
0x00007ffb87f80000 - 0x00007ffb87f95000 	C:\WINDOWS\system32\wshbth.dll
0x00007ffb856e0000 - 0x00007ffb856fd000 	C:\WINDOWS\system32\NLAapi.dll
0x00007ffb8c9f0000 - 0x00007ffb8ca2b000 	C:\WINDOWS\SYSTEM32\IPHLPAPI.DLL
0x00007ffb8ca30000 - 0x00007ffb8cafb000 	C:\WINDOWS\SYSTEM32\DNSAPI.dll
0x00007ffb8e320000 - 0x00007ffb8e328000 	C:\WINDOWS\System32\NSI.dll
0x00007ffb77730000 - 0x00007ffb77742000 	C:\WINDOWS\System32\winrnr.dll
0x00007ffb7f820000 - 0x00007ffb7f82a000 	C:\Windows\System32\rasadhlp.dll
0x00007ffb7f720000 - 0x00007ffb7f7a0000 	C:\WINDOWS\System32\fwpuclnt.dll
0x00007ffb8d6a0000 - 0x00007ffb8d6c7000 	C:\WINDOWS\System32\bcrypt.dll
0x00007ffb790a0000 - 0x00007ffb790b1000 	C:\Program Files\Java\jdk1.8.0_201\jre\bin\nio.dll
0x00007ffb8cf40000 - 0x00007ffb8cf58000 	C:\WINDOWS\SYSTEM32\CRYPTSP.dll
0x00007ffb8c660000 - 0x00007ffb8c694000 	C:\WINDOWS\system32\rsaenh.dll
0x00007ffb8d490000 - 0x00007ffb8d4be000 	C:\WINDOWS\SYSTEM32\USERENV.dll
0x00007ffb8d720000 - 0x00007ffb8d7a2000 	C:\WINDOWS\System32\bcryptprimitives.dll
0x00007ffb8cf60000 - 0x00007ffb8cf6c000 	C:\WINDOWS\SYSTEM32\CRYPTBASE.dll
0x00007ffb83830000 - 0x00007ffb83847000 	C:\WINDOWS\SYSTEM32\dhcpcsvc6.DLL
0x00007ffb83810000 - 0x00007ffb8382d000 	C:\WINDOWS\SYSTEM32\dhcpcsvc.DLL
0x00007ffb79160000 - 0x00007ffb79184000 	C:\Program Files\Java\jdk1.8.0_201\jre\bin\sunec.dll
0x00007ffb832b0000 - 0x00007ffb832bb000 	C:\Program Files\Java\jdk1.8.0_201\jre\bin\sunmscapi.dll
0x00007ffb8dd70000 - 0x00007ffb8dec6000 	C:\WINDOWS\System32\CRYPT32.dll

VM Arguments:
jvm_args: -javaagent:C:\Program Files\JetBrains\IntelliJ IDEA Community Edition 2021.3.3\lib\idea_rt.jar=4031:C:\Program Files\JetBrains\IntelliJ IDEA Community Edition 2021.3.3\bin -Dfile.encoding=UTF-8 
java_command: com.prabodha.inventoryservice.inventoryservice.InventoryserviceApplication
java_class_path (initial): C:\Program Files\Java\jdk1.8.0_201\jre\lib\charsets.jar;C:\Program Files\Java\jdk1.8.0_201\jre\lib\deploy.jar;C:\Program Files\Java\jdk1.8.0_201\jre\lib\ext\access-bridge-64.jar;C:\Program Files\Java\jdk1.8.0_201\jre\lib\ext\cldrdata.jar;C:\Program Files\Java\jdk1.8.0_201\jre\lib\ext\dnsns.jar;C:\Program Files\Java\jdk1.8.0_201\jre\lib\ext\jaccess.jar;C:\Program Files\Java\jdk1.8.0_201\jre\lib\ext\jfxrt.jar;C:\Program Files\Java\jdk1.8.0_201\jre\lib\ext\localedata.jar;C:\Program Files\Java\jdk1.8.0_201\jre\lib\ext\nashorn.jar;C:\Program Files\Java\jdk1.8.0_201\jre\lib\ext\sunec.jar;C:\Program Files\Java\jdk1.8.0_201\jre\lib\ext\sunjce_provider.jar;C:\Program Files\Java\jdk1.8.0_201\jre\lib\ext\sunmscapi.jar;C:\Program Files\Java\jdk1.8.0_201\jre\lib\ext\sunpkcs11.jar;C:\Program Files\Java\jdk1.8.0_201\jre\lib\ext\zipfs.jar;C:\Program Files\Java\jdk1.8.0_201\jre\lib\javaws.jar;C:\Program Files\Java\jdk1.8.0_201\jre\lib\jce.jar;C:\Program Files\Java\jdk1.8.0_201\jre\lib\jfr.jar;C:\Program Files\Java\jdk1.8.0_201\jre\lib\jfxswt.jar;C:\Program Files\Java\jdk1.8.0_201\jre\lib\jsse.jar;C:\Program Files\Java\jdk1.8.0_201\jre\lib\management-agent.jar;C:\Program Files\Java\jdk1.8.0_201\jre\lib\plugin.jar;C:\Program Files\Java\jdk1.8.0_201\jre\lib\resources.jar;C:\Program Files\Java\jdk1.8.0_201\jre\lib\rt.jar;E:\virtusa\finalproject\SpringBackend\inventoryservice\target\classes;C:\Users\Madhsuha\.m2\repository\org\springframework\boot\spring-boot-starter-web\2.7.2\spring-boot-starter-web-2.7.2.jar;C:\Users\Madhsuha\.m2\repository\org\springframework\boot\spring-boot-starter\2.7.2\spring-boot-starter-2.7.2.jar;C:\Users\Madhsuha\.m2\repository\org\springframework\boot\spring-boot\2.7.2\spring-boot-2.7.2.jar;C:\Users\Madhsuha\.m2\repository\org\springframework\boot\spring-boot-autoconfigure\2.7.2\spring-boot-autoconfigure-2.7.2.jar;C:\Users\Madhsuha\.m2\repository\org\springframework\boot\spring-boot-starter-logging\2.7.2\spring-boot-starter-logging
Launcher Type: SUN_STANDARD

Environment Variables:
JAVA_HOME=C:\Program Files\Java\jdk1.8.0_201
JRE_HOME=C:\Program Files\Java\jre1.8.0_201
PATH=C:\Program Files (x86)\Common Files\Oracle\Java\javapath;C:\WINDOWS\system32;C:\WINDOWS;C:\WINDOWS\System32\Wbem;C:\WINDOWS\System32\WindowsPowerShell\v1.0\;C:\WINDOWS\System32\OpenSSH\;C:\Program Files\Java\jdk1.8.0_201\bin;C:\xampp\php;C:\ProgramData\ComposerSetup\bin;C:\Program Files\Git\cmd;E:\php;C:\Program Files (x86)\Yarn\bin\;C:\Program Files\nodejs\;C:\Program Files\JetBrains\IntelliJ IDEA Community Edition 2021.3.3\plugins\maven\lib\maven3\bin;C:\Program Files\MongoDB\Server\4.2\bin;;C:\Program Files\Docker\Docker\resources\bin;C:\ProgramData\DockerDesktop\version-bin;C:\Users\Madhsuha\AppData\Local\Microsoft\WindowsApps;C:\Users\Madhsuha\AppData\Local\atom\bin;C:\Users\Madhsuha\AppData\Local\Microsoft\WindowsApps;;C:\Users\Madhsuha\AppData\Local\Programs\Microsoft VS Code\bin;C:\Users\Madhsuha\AppData\Roaming\Composer\vendor\bin;C:\Users\Madhsuha\AppData\Local\Yarn\bin;C:\Users\Madhsuha\AppData\Roaming\npm;C:\Program Files\Docker Toolbox
USERNAME=Madhsuha
OS=Windows_NT
PROCESSOR_IDENTIFIER=AMD64 Family 21 Model 112 Stepping 0, AuthenticAMD



---------------  S Y S T E M  ---------------

OS: Windows 10.0 , 64 bit Build 19041 (10.0.19041.1806)

CPU:total 2 (initial active 2) (2 cores per cpu, 1 threads per core) family 21 model 112 stepping 0, cmov, cx8, fxsr, mmx, sse, sse2, sse3, ssse3, sse4.1, sse4.2, popcnt, avx, avx2, aes, clmul, mmxext, 3dnowpref, lzcnt, sse4a, tsc, tscinvbit, tscinv, bmi1

Memory: 4k page, physical 7820664k(103732k free), swap 31937912k(0k free)

vm_info: Java HotSpot(TM) 64-Bit Server VM (25.201-b09) for windows-amd64 JRE (1.8.0_201-b09), built on Dec 15 2018 18:36:39 by "java_re" with MS VC++ 10.0 (VS2010)

time: Fri Aug 05 22:37:59 2022
timezone: Sri Lanka Standard Time
elapsed time: 296 seconds (0d 0h 4m 56s)

